CRITICAL - 2020-10-30 01:01:50 --> Unknown database 'new_variety2'
#0 C:\xampp\htdocs\anime\web2\system\Database\BaseConnection.php(377): CodeIgniter\Database\MySQLi\Connection->connect(false)
#1 C:\xampp\htdocs\anime\web2\system\Database\BaseConnection.php(643): CodeIgniter\Database\BaseConnection->initialize()
#2 C:\xampp\htdocs\anime\web2\app\Models\Video_Model.php(117): CodeIgniter\Database\BaseConnection->query('SELECT\r\n       ...', Array)
#3 C:\xampp\htdocs\anime\web2\app\Controllers\Home.php(30): App\Models\Video_Model->get_slide(1)
#4 C:\xampp\htdocs\anime\web2\system\CodeIgniter.php(910): App\Controllers\Home->index()
#5 C:\xampp\htdocs\anime\web2\system\CodeIgniter.php(398): CodeIgniter\CodeIgniter->runController(Object(App\Controllers\Home))
#6 C:\xampp\htdocs\anime\web2\system\CodeIgniter.php(306): CodeIgniter\CodeIgniter->handleRequest(NULL, Object(Config\Cache), false)
#7 C:\xampp\htdocs\anime\web2\index.php(45): CodeIgniter\CodeIgniter->run()
#8 {main}
CRITICAL - 2020-10-30 01:01:50 --> Uncaught ErrorException: print_r(): Property access is not allowed yet in C:\xampp\htdocs\anime\web2\app\Views\errors\html\error_exception.php:100
Stack trace:
#0 [internal function]: CodeIgniter\Debug\Exceptions->errorHandler(2, 'print_r(): Prop...', 'C:\\xampp\\htdocs...', 100, Array)
#1 C:\xampp\htdocs\anime\web2\app\Views\errors\html\error_exception.php(100): print_r(Object(App\Controllers\Home), true)
#2 C:\xampp\htdocs\anime\web2\system\Debug\Exceptions.php(298): include('C:\\xampp\\htdocs...')
#3 C:\xampp\htdocs\anime\web2\system\Debug\Exceptions.php(171): CodeIgniter\Debug\Exceptions->render(Object(mysqli_sql_exception), 500)
#4 [internal function]: CodeIgniter\Debug\Exceptions->exceptionHandler(Object(mysqli_sql_exception))
#5 {main}
  thrown
#0 [internal function]: CodeIgniter\Debug\Exceptions->shutdownHandler()
#1 {main}
CRITICAL - 2020-10-30 01:01:50 --> Unknown database 'new_variety2'
#0 C:\xampp\htdocs\anime\web2\system\Database\BaseConnection.php(377): CodeIgniter\Database\MySQLi\Connection->connect(false)
#1 C:\xampp\htdocs\anime\web2\system\Database\BaseConnection.php(643): CodeIgniter\Database\BaseConnection->initialize()
#2 C:\xampp\htdocs\anime\web2\app\Models\Video_Model.php(117): CodeIgniter\Database\BaseConnection->query('SELECT\r\n       ...', Array)
#3 C:\xampp\htdocs\anime\web2\app\Controllers\Home.php(30): App\Models\Video_Model->get_slide(1)
#4 C:\xampp\htdocs\anime\web2\system\CodeIgniter.php(910): App\Controllers\Home->index()
#5 C:\xampp\htdocs\anime\web2\system\CodeIgniter.php(398): CodeIgniter\CodeIgniter->runController(Object(App\Controllers\Home))
#6 C:\xampp\htdocs\anime\web2\system\CodeIgniter.php(306): CodeIgniter\CodeIgniter->handleRequest(NULL, Object(Config\Cache), false)
#7 C:\xampp\htdocs\anime\web2\index.php(45): CodeIgniter\CodeIgniter->run()
#8 {main}
CRITICAL - 2020-10-30 01:01:50 --> Uncaught ErrorException: print_r(): Property access is not allowed yet in C:\xampp\htdocs\anime\web2\app\Views\errors\html\error_exception.php:100
Stack trace:
#0 [internal function]: CodeIgniter\Debug\Exceptions->errorHandler(2, 'print_r(): Prop...', 'C:\\xampp\\htdocs...', 100, Array)
#1 C:\xampp\htdocs\anime\web2\app\Views\errors\html\error_exception.php(100): print_r(Object(App\Controllers\Home), true)
#2 C:\xampp\htdocs\anime\web2\system\Debug\Exceptions.php(298): include('C:\\xampp\\htdocs...')
#3 C:\xampp\htdocs\anime\web2\system\Debug\Exceptions.php(171): CodeIgniter\Debug\Exceptions->render(Object(mysqli_sql_exception), 500)
#4 [internal function]: CodeIgniter\Debug\Exceptions->exceptionHandler(Object(mysqli_sql_exception))
#5 {main}
  thrown
#0 [internal function]: CodeIgniter\Debug\Exceptions->shutdownHandler()
#1 {main}
CRITICAL - 2020-10-30 01:32:44 --> Class Home does not exist
#0 C:\xampp\htdocs\anime\web2\system\Debug\Toolbar\Collectors\Routes.php(107): ReflectionMethod->__construct('Home', '_remap')
#1 C:\xampp\htdocs\anime\web2\system\Debug\Toolbar\Collectors\BaseCollector.php(318): CodeIgniter\Debug\Toolbar\Collectors\Routes->display()
#2 C:\xampp\htdocs\anime\web2\system\Debug\Toolbar.php(128): CodeIgniter\Debug\Toolbar\Collectors\BaseCollector->getAsArray()
#3 C:\xampp\htdocs\anime\web2\system\Debug\Toolbar.php(356): CodeIgniter\Debug\Toolbar->run(1604039564.0638, 0.2095, Object(CodeIgniter\HTTP\IncomingRequest), Object(CodeIgniter\HTTP\Response))
#4 C:\xampp\htdocs\anime\web2\system\Filters\DebugToolbar.php(75): CodeIgniter\Debug\Toolbar->prepare(Object(CodeIgniter\HTTP\IncomingRequest), Object(CodeIgniter\HTTP\Response))
#5 C:\xampp\htdocs\anime\web2\system\Filters\Filters.php(188): CodeIgniter\Filters\DebugToolbar->after(Object(CodeIgniter\HTTP\IncomingRequest), Object(CodeIgniter\HTTP\Response))
#6 C:\xampp\htdocs\anime\web2\system\CodeIgniter.php(416): CodeIgniter\Filters\Filters->run('', 'after')
#7 C:\xampp\htdocs\anime\web2\system\CodeIgniter.php(306): CodeIgniter\CodeIgniter->handleRequest(NULL, Object(Config\Cache), false)
#8 C:\xampp\htdocs\anime\web2\index.php(45): CodeIgniter\CodeIgniter->run()
#9 {main}
CRITICAL - 2020-10-30 03:01:19 --> Table 'anime8k.an_slide' doesn't exist
#0 C:\xampp\htdocs\animeweb2\system\Database\MySQLi\Connection.php(330): mysqli->query('SELECT\r\n       ...')
#1 C:\xampp\htdocs\animeweb2\system\Database\BaseConnection.php(738): CodeIgniter\Database\MySQLi\Connection->execute('SELECT\r\n       ...')
#2 C:\xampp\htdocs\animeweb2\system\Database\BaseConnection.php(666): CodeIgniter\Database\BaseConnection->simpleQuery('SELECT\r\n       ...')
#3 C:\xampp\htdocs\animeweb2\app\Models\Video_Model.php(117): CodeIgniter\Database\BaseConnection->query('SELECT\r\n       ...', Array)
#4 C:\xampp\htdocs\animeweb2\app\Controllers\Home.php(33): App\Models\Video_Model->get_slide(1)
#5 C:\xampp\htdocs\animeweb2\system\CodeIgniter.php(910): App\Controllers\Home->index()
#6 C:\xampp\htdocs\animeweb2\system\CodeIgniter.php(398): CodeIgniter\CodeIgniter->runController(Object(App\Controllers\Home))
#7 C:\xampp\htdocs\animeweb2\system\CodeIgniter.php(306): CodeIgniter\CodeIgniter->handleRequest(NULL, Object(Config\Cache), false)
#8 C:\xampp\htdocs\animeweb2\index.php(45): CodeIgniter\CodeIgniter->run()
#9 {main}
CRITICAL - 2020-10-30 03:01:19 --> Table 'anime8k.an_slide' doesn't exist
#0 C:\xampp\htdocs\animeweb2\system\Database\MySQLi\Connection.php(330): mysqli->query('SELECT\r\n       ...')
#1 C:\xampp\htdocs\animeweb2\system\Database\BaseConnection.php(738): CodeIgniter\Database\MySQLi\Connection->execute('SELECT\r\n       ...')
#2 C:\xampp\htdocs\animeweb2\system\Database\BaseConnection.php(666): CodeIgniter\Database\BaseConnection->simpleQuery('SELECT\r\n       ...')
#3 C:\xampp\htdocs\animeweb2\app\Models\Video_Model.php(117): CodeIgniter\Database\BaseConnection->query('SELECT\r\n       ...', Array)
#4 C:\xampp\htdocs\animeweb2\app\Controllers\Home.php(33): App\Models\Video_Model->get_slide(1)
#5 C:\xampp\htdocs\animeweb2\system\CodeIgniter.php(910): App\Controllers\Home->index()
#6 C:\xampp\htdocs\animeweb2\system\CodeIgniter.php(398): CodeIgniter\CodeIgniter->runController(Object(App\Controllers\Home))
#7 C:\xampp\htdocs\animeweb2\system\CodeIgniter.php(306): CodeIgniter\CodeIgniter->handleRequest(NULL, Object(Config\Cache), false)
#8 C:\xampp\htdocs\animeweb2\index.php(45): CodeIgniter\CodeIgniter->run()
#9 {main}
CRITICAL - 2020-10-30 03:02:11 --> Undefined variable: list_anime
#0 C:\xampp\htdocs\animeweb2\app\Controllers\Home.php(193): CodeIgniter\Debug\Exceptions->errorHandler(8, 'Undefined varia...', 'C:\\xampp\\htdocs...', 193, Array)
#1 C:\xampp\htdocs\animeweb2\system\CodeIgniter.php(910): App\Controllers\Home->search('tesst')
#2 C:\xampp\htdocs\animeweb2\system\CodeIgniter.php(398): CodeIgniter\CodeIgniter->runController(Object(App\Controllers\Home))
#3 C:\xampp\htdocs\animeweb2\system\CodeIgniter.php(306): CodeIgniter\CodeIgniter->handleRequest(NULL, Object(Config\Cache), false)
#4 C:\xampp\htdocs\animeweb2\index.php(45): CodeIgniter\CodeIgniter->run()
#5 {main}
CRITICAL - 2020-10-30 03:02:20 --> Undefined variable: list_anime
#0 C:\xampp\htdocs\animeweb2\app\Controllers\Home.php(193): CodeIgniter\Debug\Exceptions->errorHandler(8, 'Undefined varia...', 'C:\\xampp\\htdocs...', 193, Array)
#1 C:\xampp\htdocs\animeweb2\system\CodeIgniter.php(910): App\Controllers\Home->search('tesdt')
#2 C:\xampp\htdocs\animeweb2\system\CodeIgniter.php(398): CodeIgniter\CodeIgniter->runController(Object(App\Controllers\Home))
#3 C:\xampp\htdocs\animeweb2\system\CodeIgniter.php(306): CodeIgniter\CodeIgniter->handleRequest(NULL, Object(Config\Cache), false)
#4 C:\xampp\htdocs\animeweb2\index.php(45): CodeIgniter\CodeIgniter->run()
#5 {main}
CRITICAL - 2020-10-30 04:51:08 --> Undefined variable: list_anime
#0 C:\xampp\htdocs\animeweb2\app\Controllers\Home.php(193): CodeIgniter\Debug\Exceptions->errorHandler(8, 'Undefined varia...', 'C:\\xampp\\htdocs...', 193, Array)
#1 C:\xampp\htdocs\animeweb2\system\CodeIgniter.php(910): App\Controllers\Home->search('\xE0\xB8\x81\xE0\xB8\x9F\xE0\xB8\xAB\xE0\xB8\x81')
#2 C:\xampp\htdocs\animeweb2\system\CodeIgniter.php(398): CodeIgniter\CodeIgniter->runController(Object(App\Controllers\Home))
#3 C:\xampp\htdocs\animeweb2\system\CodeIgniter.php(306): CodeIgniter\CodeIgniter->handleRequest(NULL, Object(Config\Cache), false)
#4 C:\xampp\htdocs\animeweb2\index.php(45): CodeIgniter\CodeIgniter->run()
#5 {main}
CRITICAL - 2020-10-30 04:55:13 --> [] operator not supported for strings
#0 C:\xampp\htdocs\animeweb2\system\CodeIgniter.php(910): App\Controllers\Home->search('test')
#1 C:\xampp\htdocs\animeweb2\system\CodeIgniter.php(398): CodeIgniter\CodeIgniter->runController(Object(App\Controllers\Home))
#2 C:\xampp\htdocs\animeweb2\system\CodeIgniter.php(306): CodeIgniter\CodeIgniter->handleRequest(NULL, Object(Config\Cache), false)
#3 C:\xampp\htdocs\animeweb2\index.php(45): CodeIgniter\CodeIgniter->run()
#4 {main}
CRITICAL - 2020-10-30 04:56:06 --> [] operator not supported for strings
#0 C:\xampp\htdocs\animeweb2\system\CodeIgniter.php(910): App\Controllers\Home->search('test')
#1 C:\xampp\htdocs\animeweb2\system\CodeIgniter.php(398): CodeIgniter\CodeIgniter->runController(Object(App\Controllers\Home))
#2 C:\xampp\htdocs\animeweb2\system\CodeIgniter.php(306): CodeIgniter\CodeIgniter->handleRequest(NULL, Object(Config\Cache), false)
#3 C:\xampp\htdocs\animeweb2\index.php(45): CodeIgniter\CodeIgniter->run()
#4 {main}
CRITICAL - 2020-10-30 04:57:23 --> [] operator not supported for strings
#0 C:\xampp\htdocs\animeweb2\system\CodeIgniter.php(910): App\Controllers\Home->search('test')
#1 C:\xampp\htdocs\animeweb2\system\CodeIgniter.php(398): CodeIgniter\CodeIgniter->runController(Object(App\Controllers\Home))
#2 C:\xampp\htdocs\animeweb2\system\CodeIgniter.php(306): CodeIgniter\CodeIgniter->handleRequest(NULL, Object(Config\Cache), false)
#3 C:\xampp\htdocs\animeweb2\index.php(45): CodeIgniter\CodeIgniter->run()
#4 {main}
CRITICAL - 2020-10-30 05:16:45 --> Unknown database 'new_variety2'
#0 C:\xampp\htdocs\anime\web2\system\Database\BaseConnection.php(377): CodeIgniter\Database\MySQLi\Connection->connect(false)
#1 C:\xampp\htdocs\anime\web2\system\Database\BaseConnection.php(643): CodeIgniter\Database\BaseConnection->initialize()
#2 C:\xampp\htdocs\anime\web2\app\Models\Video_Model.php(117): CodeIgniter\Database\BaseConnection->query('SELECT\r\n       ...', Array)
#3 C:\xampp\htdocs\anime\web2\app\Controllers\Home.php(33): App\Models\Video_Model->get_slide(1)
#4 C:\xampp\htdocs\anime\web2\system\CodeIgniter.php(910): App\Controllers\Home->index()
#5 C:\xampp\htdocs\anime\web2\system\CodeIgniter.php(398): CodeIgniter\CodeIgniter->runController(Object(App\Controllers\Home))
#6 C:\xampp\htdocs\anime\web2\system\CodeIgniter.php(306): CodeIgniter\CodeIgniter->handleRequest(NULL, Object(Config\Cache), false)
#7 C:\xampp\htdocs\anime\web2\index.php(45): CodeIgniter\CodeIgniter->run()
#8 {main}
CRITICAL - 2020-10-30 05:16:45 --> Uncaught ErrorException: print_r(): Property access is not allowed yet in C:\xampp\htdocs\anime\web2\app\Views\errors\html\error_exception.php:100
Stack trace:
#0 [internal function]: CodeIgniter\Debug\Exceptions->errorHandler(2, 'print_r(): Prop...', 'C:\\xampp\\htdocs...', 100, Array)
#1 C:\xampp\htdocs\anime\web2\app\Views\errors\html\error_exception.php(100): print_r(Object(App\Controllers\Home), true)
#2 C:\xampp\htdocs\anime\web2\system\Debug\Exceptions.php(298): include('C:\\xampp\\htdocs...')
#3 C:\xampp\htdocs\anime\web2\system\Debug\Exceptions.php(171): CodeIgniter\Debug\Exceptions->render(Object(mysqli_sql_exception), 500)
#4 [internal function]: CodeIgniter\Debug\Exceptions->exceptionHandler(Object(mysqli_sql_exception))
#5 {main}
  thrown
#0 [internal function]: CodeIgniter\Debug\Exceptions->shutdownHandler()
#1 {main}
CRITICAL - 2020-10-30 05:16:45 --> Unknown database 'new_variety2'
#0 C:\xampp\htdocs\anime\web2\system\Database\BaseConnection.php(377): CodeIgniter\Database\MySQLi\Connection->connect(false)
#1 C:\xampp\htdocs\anime\web2\system\Database\BaseConnection.php(643): CodeIgniter\Database\BaseConnection->initialize()
#2 C:\xampp\htdocs\anime\web2\app\Models\Video_Model.php(117): CodeIgniter\Database\BaseConnection->query('SELECT\r\n       ...', Array)
#3 C:\xampp\htdocs\anime\web2\app\Controllers\Home.php(33): App\Models\Video_Model->get_slide(1)
#4 C:\xampp\htdocs\anime\web2\system\CodeIgniter.php(910): App\Controllers\Home->index()
#5 C:\xampp\htdocs\anime\web2\system\CodeIgniter.php(398): CodeIgniter\CodeIgniter->runController(Object(App\Controllers\Home))
#6 C:\xampp\htdocs\anime\web2\system\CodeIgniter.php(306): CodeIgniter\CodeIgniter->handleRequest(NULL, Object(Config\Cache), false)
#7 C:\xampp\htdocs\anime\web2\index.php(45): CodeIgniter\CodeIgniter->run()
#8 {main}
CRITICAL - 2020-10-30 05:16:45 --> Uncaught ErrorException: print_r(): Property access is not allowed yet in C:\xampp\htdocs\anime\web2\app\Views\errors\html\error_exception.php:100
Stack trace:
#0 [internal function]: CodeIgniter\Debug\Exceptions->errorHandler(2, 'print_r(): Prop...', 'C:\\xampp\\htdocs...', 100, Array)
#1 C:\xampp\htdocs\anime\web2\app\Views\errors\html\error_exception.php(100): print_r(Object(App\Controllers\Home), true)
#2 C:\xampp\htdocs\anime\web2\system\Debug\Exceptions.php(298): include('C:\\xampp\\htdocs...')
#3 C:\xampp\htdocs\anime\web2\system\Debug\Exceptions.php(171): CodeIgniter\Debug\Exceptions->render(Object(mysqli_sql_exception), 500)
#4 [internal function]: CodeIgniter\Debug\Exceptions->exceptionHandler(Object(mysqli_sql_exception))
#5 {main}
  thrown
#0 [internal function]: CodeIgniter\Debug\Exceptions->shutdownHandler()
#1 {main}
