CRITICAL - 2020-10-28 00:02:12 --> You must set the database table to be used with your query.
#0 C:\xampp\htdocs\animeweb2\system\Model.php(1190): CodeIgniter\Database\BaseConnection->table(NULL)
#1 C:\xampp\htdocs\animeweb2\system\Model.php(1700): CodeIgniter\Model->builder()
#2 C:\xampp\htdocs\animeweb2\app\Controllers\Home.php(235): CodeIgniter\Model->__call('get_anime', Array)
#3 C:\xampp\htdocs\animeweb2\system\CodeIgniter.php(910): App\Controllers\Home->player('1', '0')
#4 C:\xampp\htdocs\animeweb2\system\CodeIgniter.php(398): CodeIgniter\CodeIgniter->runController(Object(App\Controllers\Home))
#5 C:\xampp\htdocs\animeweb2\system\CodeIgniter.php(306): CodeIgniter\CodeIgniter->handleRequest(NULL, Object(Config\Cache), false)
#6 C:\xampp\htdocs\animeweb2\index.php(45): CodeIgniter\CodeIgniter->run()
#7 {main}
CRITICAL - 2020-10-28 00:05:53 --> You must set the database table to be used with your query.
#0 C:\xampp\htdocs\animeweb2\system\Model.php(1190): CodeIgniter\Database\BaseConnection->table(NULL)
#1 C:\xampp\htdocs\animeweb2\system\Model.php(1700): CodeIgniter\Model->builder()
#2 C:\xampp\htdocs\animeweb2\app\Controllers\Home.php(235): CodeIgniter\Model->__call('get_anime', Array)
#3 C:\xampp\htdocs\animeweb2\system\CodeIgniter.php(910): App\Controllers\Home->player('1', '0')
#4 C:\xampp\htdocs\animeweb2\system\CodeIgniter.php(398): CodeIgniter\CodeIgniter->runController(Object(App\Controllers\Home))
#5 C:\xampp\htdocs\animeweb2\system\CodeIgniter.php(306): CodeIgniter\CodeIgniter->handleRequest(NULL, Object(Config\Cache), false)
#6 C:\xampp\htdocs\animeweb2\index.php(45): CodeIgniter\CodeIgniter->run()
#7 {main}
CRITICAL - 2020-10-28 00:08:27 --> Undefined index: data
#0 C:\xampp\htdocs\animeweb2\app\Controllers\Home.php(240): CodeIgniter\Debug\Exceptions->errorHandler(8, 'Undefined index...', 'C:\\xampp\\htdocs...', 240, Array)
#1 C:\xampp\htdocs\animeweb2\system\CodeIgniter.php(910): App\Controllers\Home->player('1', '0')
#2 C:\xampp\htdocs\animeweb2\system\CodeIgniter.php(398): CodeIgniter\CodeIgniter->runController(Object(App\Controllers\Home))
#3 C:\xampp\htdocs\animeweb2\system\CodeIgniter.php(306): CodeIgniter\CodeIgniter->handleRequest(NULL, Object(Config\Cache), false)
#4 C:\xampp\htdocs\animeweb2\index.php(45): CodeIgniter\CodeIgniter->run()
#5 {main}
CRITICAL - 2020-10-28 00:09:38 --> Undefined index: data
#0 C:\xampp\htdocs\animeweb2\app\Controllers\Home.php(240): CodeIgniter\Debug\Exceptions->errorHandler(8, 'Undefined index...', 'C:\\xampp\\htdocs...', 240, Array)
#1 C:\xampp\htdocs\animeweb2\system\CodeIgniter.php(910): App\Controllers\Home->player('261', '0')
#2 C:\xampp\htdocs\animeweb2\system\CodeIgniter.php(398): CodeIgniter\CodeIgniter->runController(Object(App\Controllers\Home))
#3 C:\xampp\htdocs\animeweb2\system\CodeIgniter.php(306): CodeIgniter\CodeIgniter->handleRequest(NULL, Object(Config\Cache), false)
#4 C:\xampp\htdocs\animeweb2\index.php(45): CodeIgniter\CodeIgniter->run()
#5 {main}
CRITICAL - 2020-10-28 00:15:22 --> Undefined variable: ads
#0 C:\xampp\htdocs\animeweb2\app\Views\templates\header.php(159): CodeIgniter\Debug\Exceptions->errorHandler(8, 'Undefined varia...', 'C:\\xampp\\htdocs...', 159, Array)
#1 C:\xampp\htdocs\animeweb2\system\View\View.php(236): include('C:\\xampp\\htdocs...')
#2 C:\xampp\htdocs\animeweb2\system\Common.php(1071): CodeIgniter\View\View->render('templates/heade...', Array, true)
#3 C:\xampp\htdocs\animeweb2\app\Controllers\Home.php(66): view('templates/heade...', Array)
#4 C:\xampp\htdocs\animeweb2\system\CodeIgniter.php(910): App\Controllers\Home->index()
#5 C:\xampp\htdocs\animeweb2\system\CodeIgniter.php(398): CodeIgniter\CodeIgniter->runController(Object(App\Controllers\Home))
#6 C:\xampp\htdocs\animeweb2\system\CodeIgniter.php(306): CodeIgniter\CodeIgniter->handleRequest(NULL, Object(Config\Cache), false)
#7 C:\xampp\htdocs\animeweb2\index.php(45): CodeIgniter\CodeIgniter->run()
#8 {main}
CRITICAL - 2020-10-28 00:15:23 --> Undefined variable: ads
#0 C:\xampp\htdocs\animeweb2\app\Views\templates\header.php(159): CodeIgniter\Debug\Exceptions->errorHandler(8, 'Undefined varia...', 'C:\\xampp\\htdocs...', 159, Array)
#1 C:\xampp\htdocs\animeweb2\system\View\View.php(236): include('C:\\xampp\\htdocs...')
#2 C:\xampp\htdocs\animeweb2\system\Common.php(1071): CodeIgniter\View\View->render('templates/heade...', Array, true)
#3 C:\xampp\htdocs\animeweb2\app\Controllers\Home.php(66): view('templates/heade...', Array)
#4 C:\xampp\htdocs\animeweb2\system\CodeIgniter.php(910): App\Controllers\Home->index()
#5 C:\xampp\htdocs\animeweb2\system\CodeIgniter.php(398): CodeIgniter\CodeIgniter->runController(Object(App\Controllers\Home))
#6 C:\xampp\htdocs\animeweb2\system\CodeIgniter.php(306): CodeIgniter\CodeIgniter->handleRequest(NULL, Object(Config\Cache), false)
#7 C:\xampp\htdocs\animeweb2\index.php(45): CodeIgniter\CodeIgniter->run()
#8 {main}
CRITICAL - 2020-10-28 00:16:17 --> Undefined variable: path_ads
#0 C:\xampp\htdocs\animeweb2\app\Views\templates\header.php(167): CodeIgniter\Debug\Exceptions->errorHandler(8, 'Undefined varia...', 'C:\\xampp\\htdocs...', 167, Array)
#1 C:\xampp\htdocs\animeweb2\system\View\View.php(236): include('C:\\xampp\\htdocs...')
#2 C:\xampp\htdocs\animeweb2\system\Common.php(1071): CodeIgniter\View\View->render('templates/heade...', Array, true)
#3 C:\xampp\htdocs\animeweb2\app\Controllers\Home.php(68): view('templates/heade...', Array)
#4 C:\xampp\htdocs\animeweb2\system\CodeIgniter.php(910): App\Controllers\Home->index()
#5 C:\xampp\htdocs\animeweb2\system\CodeIgniter.php(398): CodeIgniter\CodeIgniter->runController(Object(App\Controllers\Home))
#6 C:\xampp\htdocs\animeweb2\system\CodeIgniter.php(306): CodeIgniter\CodeIgniter->handleRequest(NULL, Object(Config\Cache), false)
#7 C:\xampp\htdocs\animeweb2\index.php(45): CodeIgniter\CodeIgniter->run()
#8 {main}
CRITICAL - 2020-10-28 00:37:44 --> syntax error, unexpected '<'
#0 C:\xampp\htdocs\animeweb2\system\Common.php(1071): CodeIgniter\View\View->render('anime.php', Array, true)
#1 C:\xampp\htdocs\animeweb2\app\Controllers\Home.php(104): view('anime.php', Array)
#2 C:\xampp\htdocs\animeweb2\system\CodeIgniter.php(910): App\Controllers\Home->anime('256', 'Dr.Stone-%E0%B8...', '0')
#3 C:\xampp\htdocs\animeweb2\system\CodeIgniter.php(398): CodeIgniter\CodeIgniter->runController(Object(App\Controllers\Home))
#4 C:\xampp\htdocs\animeweb2\system\CodeIgniter.php(306): CodeIgniter\CodeIgniter->handleRequest(NULL, Object(Config\Cache), false)
#5 C:\xampp\htdocs\animeweb2\index.php(45): CodeIgniter\CodeIgniter->run()
#6 {main}
CRITICAL - 2020-10-28 05:27:54 --> Undefined index: list
#0 C:\xampp\htdocs\animeweb2\app\Controllers\Home.php(233): CodeIgniter\Debug\Exceptions->errorHandler(8, 'Undefined index...', 'C:\\xampp\\htdocs...', 233, Array)
#1 C:\xampp\htdocs\animeweb2\system\CodeIgniter.php(910): App\Controllers\Home->category('5', '%E0%B8%95%E0%B8...')
#2 C:\xampp\htdocs\animeweb2\system\CodeIgniter.php(398): CodeIgniter\CodeIgniter->runController(Object(App\Controllers\Home))
#3 C:\xampp\htdocs\animeweb2\system\CodeIgniter.php(306): CodeIgniter\CodeIgniter->handleRequest(NULL, Object(Config\Cache), false)
#4 C:\xampp\htdocs\animeweb2\index.php(45): CodeIgniter\CodeIgniter->run()
#5 {main}
CRITICAL - 2020-10-28 06:36:07 --> You have an error in your SQL syntax; check the manual that corresponds to your MariaDB server version for the right syntax to use near ''-12', 12' at line 12
#0 C:\xampp\htdocs\animeweb2\system\Database\MySQLi\Connection.php(330): mysqli->query('SELECT\r\n       ...')
#1 C:\xampp\htdocs\animeweb2\system\Database\BaseConnection.php(738): CodeIgniter\Database\MySQLi\Connection->execute('SELECT\r\n       ...')
#2 C:\xampp\htdocs\animeweb2\system\Database\BaseConnection.php(666): CodeIgniter\Database\BaseConnection->simpleQuery('SELECT\r\n       ...')
#3 C:\xampp\htdocs\animeweb2\app\Helpers\pagination_helper.php(8): CodeIgniter\Database\BaseConnection->query('SELECT\r\n       ...', Array)
#4 C:\xampp\htdocs\animeweb2\app\Models\Video_Model.php(172): get_pagination('SELECT\r\n       ...', '', 12, 0)
#5 C:\xampp\htdocs\animeweb2\app\Controllers\Home.php(166): App\Models\Video_Model->get_list_video(1, 1, '\xE0\xB8\x94', '', 1)
#6 C:\xampp\htdocs\animeweb2\system\CodeIgniter.php(910): App\Controllers\Home->search('\xE0\xB8\x94')
#7 C:\xampp\htdocs\animeweb2\system\CodeIgniter.php(398): CodeIgniter\CodeIgniter->runController(Object(App\Controllers\Home))
#8 C:\xampp\htdocs\animeweb2\system\CodeIgniter.php(306): CodeIgniter\CodeIgniter->handleRequest(NULL, Object(Config\Cache), false)
#9 C:\xampp\htdocs\animeweb2\index.php(45): CodeIgniter\CodeIgniter->run()
#10 {main}
CRITICAL - 2020-10-28 06:37:06 --> Undefined index: list
#0 C:\xampp\htdocs\animeweb2\app\Controllers\Home.php(193): CodeIgniter\Debug\Exceptions->errorHandler(8, 'Undefined index...', 'C:\\xampp\\htdocs...', 193, Array)
#1 C:\xampp\htdocs\animeweb2\system\CodeIgniter.php(910): App\Controllers\Home->search('\xE0\xB8\x94')
#2 C:\xampp\htdocs\animeweb2\system\CodeIgniter.php(398): CodeIgniter\CodeIgniter->runController(Object(App\Controllers\Home))
#3 C:\xampp\htdocs\animeweb2\system\CodeIgniter.php(306): CodeIgniter\CodeIgniter->handleRequest(NULL, Object(Config\Cache), false)
#4 C:\xampp\htdocs\animeweb2\index.php(45): CodeIgniter\CodeIgniter->run()
#5 {main}
CRITICAL - 2020-10-28 06:37:25 --> syntax error, unexpected ''pagination'' (T_CONSTANT_ENCAPSED_STRING), expecting ']'
#0 C:\xampp\htdocs\animeweb2\system\Autoloader\Autoloader.php(296): CodeIgniter\Autoloader\Autoloader->requireFile('C:\\xampp\\htdocs...')
#1 C:\xampp\htdocs\animeweb2\system\Autoloader\Autoloader.php(258): CodeIgniter\Autoloader\Autoloader->loadInNamespace('App\\Controllers...')
#2 [internal function]: CodeIgniter\Autoloader\Autoloader->loadClass('App\\Controllers...')
#3 [internal function]: spl_autoload_call('App\\Controllers...')
#4 C:\xampp\htdocs\animeweb2\system\CodeIgniter.php(861): class_exists('\\App\\Controller...', true)
#5 C:\xampp\htdocs\animeweb2\system\CodeIgniter.php(388): CodeIgniter\CodeIgniter->startController()
#6 C:\xampp\htdocs\animeweb2\system\CodeIgniter.php(306): CodeIgniter\CodeIgniter->handleRequest(NULL, Object(Config\Cache), false)
#7 C:\xampp\htdocs\animeweb2\index.php(45): CodeIgniter\CodeIgniter->run()
#8 {main}
CRITICAL - 2020-10-28 06:37:37 --> Undefined variable: list_category
#0 C:\xampp\htdocs\animeweb2\app\Views\templates\header.php(54): CodeIgniter\Debug\Exceptions->errorHandler(8, 'Undefined varia...', 'C:\\xampp\\htdocs...', 54, Array)
#1 C:\xampp\htdocs\animeweb2\system\View\View.php(236): include('C:\\xampp\\htdocs...')
#2 C:\xampp\htdocs\animeweb2\system\Common.php(1071): CodeIgniter\View\View->render('templates/heade...', Array, true)
#3 C:\xampp\htdocs\animeweb2\app\Controllers\Home.php(196): view('templates/heade...', Array)
#4 C:\xampp\htdocs\animeweb2\system\CodeIgniter.php(910): App\Controllers\Home->search('\xE0\xB8\x94')
#5 C:\xampp\htdocs\animeweb2\system\CodeIgniter.php(398): CodeIgniter\CodeIgniter->runController(Object(App\Controllers\Home))
#6 C:\xampp\htdocs\animeweb2\system\CodeIgniter.php(306): CodeIgniter\CodeIgniter->handleRequest(NULL, Object(Config\Cache), false)
#7 C:\xampp\htdocs\animeweb2\index.php(45): CodeIgniter\CodeIgniter->run()
#8 {main}
