CRITICAL - 2020-11-02 00:48:54 --> Table 'anime8k.an_slide' doesn't exist
#0 C:\xampp\htdocs\animeweb2\system\Database\MySQLi\Connection.php(330): mysqli->query('SELECT\r\n       ...')
#1 C:\xampp\htdocs\animeweb2\system\Database\BaseConnection.php(738): CodeIgniter\Database\MySQLi\Connection->execute('SELECT\r\n       ...')
#2 C:\xampp\htdocs\animeweb2\system\Database\BaseConnection.php(666): CodeIgniter\Database\BaseConnection->simpleQuery('SELECT\r\n       ...')
#3 C:\xampp\htdocs\animeweb2\app\Models\Video_Model.php(117): CodeIgniter\Database\BaseConnection->query('SELECT\r\n       ...', Array)
#4 C:\xampp\htdocs\animeweb2\app\Controllers\Home.php(33): App\Models\Video_Model->get_slide(1)
#5 C:\xampp\htdocs\animeweb2\system\CodeIgniter.php(910): App\Controllers\Home->index()
#6 C:\xampp\htdocs\animeweb2\system\CodeIgniter.php(398): CodeIgniter\CodeIgniter->runController(Object(App\Controllers\Home))
#7 C:\xampp\htdocs\animeweb2\system\CodeIgniter.php(306): CodeIgniter\CodeIgniter->handleRequest(NULL, Object(Config\Cache), false)
#8 C:\xampp\htdocs\animeweb2\index.php(45): CodeIgniter\CodeIgniter->run()
#9 {main}
CRITICAL - 2020-11-02 00:48:58 --> Table 'anime8k.an_slide' doesn't exist
#0 C:\xampp\htdocs\animeweb2\system\Database\MySQLi\Connection.php(330): mysqli->query('SELECT\r\n       ...')
#1 C:\xampp\htdocs\animeweb2\system\Database\BaseConnection.php(738): CodeIgniter\Database\MySQLi\Connection->execute('SELECT\r\n       ...')
#2 C:\xampp\htdocs\animeweb2\system\Database\BaseConnection.php(666): CodeIgniter\Database\BaseConnection->simpleQuery('SELECT\r\n       ...')
#3 C:\xampp\htdocs\animeweb2\app\Models\Video_Model.php(117): CodeIgniter\Database\BaseConnection->query('SELECT\r\n       ...', Array)
#4 C:\xampp\htdocs\animeweb2\app\Controllers\Home.php(33): App\Models\Video_Model->get_slide(1)
#5 C:\xampp\htdocs\animeweb2\system\CodeIgniter.php(910): App\Controllers\Home->index()
#6 C:\xampp\htdocs\animeweb2\system\CodeIgniter.php(398): CodeIgniter\CodeIgniter->runController(Object(App\Controllers\Home))
#7 C:\xampp\htdocs\animeweb2\system\CodeIgniter.php(306): CodeIgniter\CodeIgniter->handleRequest(NULL, Object(Config\Cache), false)
#8 C:\xampp\htdocs\animeweb2\index.php(45): CodeIgniter\CodeIgniter->run()
#9 {main}
CRITICAL - 2020-11-02 00:50:04 --> Table 'anime8k.an_slide' doesn't exist
#0 C:\xampp\htdocs\animeweb2\system\Database\MySQLi\Connection.php(330): mysqli->query('SELECT\r\n       ...')
#1 C:\xampp\htdocs\animeweb2\system\Database\BaseConnection.php(738): CodeIgniter\Database\MySQLi\Connection->execute('SELECT\r\n       ...')
#2 C:\xampp\htdocs\animeweb2\system\Database\BaseConnection.php(666): CodeIgniter\Database\BaseConnection->simpleQuery('SELECT\r\n       ...')
#3 C:\xampp\htdocs\animeweb2\app\Models\Video_Model.php(117): CodeIgniter\Database\BaseConnection->query('SELECT\r\n       ...', Array)
#4 C:\xampp\htdocs\animeweb2\app\Controllers\Home.php(33): App\Models\Video_Model->get_slide(1)
#5 C:\xampp\htdocs\animeweb2\system\CodeIgniter.php(910): App\Controllers\Home->index()
#6 C:\xampp\htdocs\animeweb2\system\CodeIgniter.php(398): CodeIgniter\CodeIgniter->runController(Object(App\Controllers\Home))
#7 C:\xampp\htdocs\animeweb2\system\CodeIgniter.php(306): CodeIgniter\CodeIgniter->handleRequest(NULL, Object(Config\Cache), false)
#8 C:\xampp\htdocs\animeweb2\index.php(45): CodeIgniter\CodeIgniter->run()
#9 {main}
CRITICAL - 2020-11-02 00:51:32 --> Unknown database 'new'
#0 C:\xampp\htdocs\animeweb2\system\Database\BaseConnection.php(377): CodeIgniter\Database\MySQLi\Connection->connect(false)
#1 C:\xampp\htdocs\animeweb2\system\Database\BaseConnection.php(643): CodeIgniter\Database\BaseConnection->initialize()
#2 C:\xampp\htdocs\animeweb2\app\Models\Video_Model.php(117): CodeIgniter\Database\BaseConnection->query('SELECT\r\n       ...', Array)
#3 C:\xampp\htdocs\animeweb2\app\Controllers\Home.php(33): App\Models\Video_Model->get_slide(1)
#4 C:\xampp\htdocs\animeweb2\system\CodeIgniter.php(910): App\Controllers\Home->index()
#5 C:\xampp\htdocs\animeweb2\system\CodeIgniter.php(398): CodeIgniter\CodeIgniter->runController(Object(App\Controllers\Home))
#6 C:\xampp\htdocs\animeweb2\system\CodeIgniter.php(306): CodeIgniter\CodeIgniter->handleRequest(NULL, Object(Config\Cache), false)
#7 C:\xampp\htdocs\animeweb2\index.php(45): CodeIgniter\CodeIgniter->run()
#8 {main}
